<?xml version="1.0" encoding="UTF-8" ?>
<testsuite failures="0" time="0.085" errors="0" skipped="0" tests="1" name="org.apache.sling.auth.crowd.impl.CrowdAuthenticationHandlerTest">
  <properties>
    <property name="java.runtime.name" value="Java(TM) SE Runtime Environment"/>
    <property name="sun.boot.library.path" value="C:\Program Files\Java\jdk1.6.0_38\jre\bin"/>
    <property name="java.vm.version" value="20.13-b02"/>
    <property name="java.vm.vendor" value="Sun Microsystems Inc."/>
    <property name="java.vendor.url" value="http://java.sun.com/"/>
    <property name="path.separator" value=";"/>
    <property name="java.vm.name" value="Java HotSpot(TM) 64-Bit Server VM"/>
    <property name="file.encoding.pkg" value="sun.io"/>
    <property name="user.country" value="US"/>
    <property name="sun.java.launcher" value="SUN_STANDARD"/>
    <property name="sun.os.patch.level" value="Service Pack 1"/>
    <property name="java.vm.specification.name" value="Java Virtual Machine Specification"/>
    <property name="user.dir" value="E:\sling-6-source-release\bundles\auth\crowd"/>
    <property name="java.runtime.version" value="1.6.0_38-ea-b04"/>
    <property name="java.awt.graphicsenv" value="sun.awt.Win32GraphicsEnvironment"/>
    <property name="basedir" value="E:\sling-6-source-release\bundles\auth\crowd"/>
    <property name="java.endorsed.dirs" value="C:\Program Files\Java\jdk1.6.0_38\jre\lib\endorsed"/>
    <property name="os.arch" value="amd64"/>
    <property name="surefire.real.class.path" value="C:\Users\Teddy.Ma\AppData\Local\Temp\surefirebooter5116618269774946525.jar"/>
    <property name="java.io.tmpdir" value="C:\Users\Teddy.Ma\AppData\Local\Temp\"/>
    <property name="line.separator" value="
"/>
    <property name="java.vm.specification.vendor" value="Sun Microsystems Inc."/>
    <property name="user.variant" value=""/>
    <property name="os.name" value="Windows 7"/>
    <property name="sun.jnu.encoding" value="GBK"/>
    <property name="java.library.path" value="C:\Program Files\Java\jdk1.6.0_38\jre\bin;C:\Windows\Sun\Java\bin;C:\Windows\system32;C:\Windows;%SystemRoot%\system32\WindowsPowerShell\v1.0\;C:\Program Files\Common Files\Microsoft Shared\Windows Live;C:\Program Files (x86)\Common Files\Microsoft Shared\Windows Live;C:\Windows\system32;C:\Windows;C:\Windows\System32\Wbem;C:\Program Files (x86)\Microsoft SQL Server\100\Tools\Binn\VSShell\Common7\IDE\;C:\Program Files (x86)\Microsoft SQL Server\100\Tools\Binn\;C:\Program Files\Microsoft SQL Server\100\Tools\Binn\;C:\Program Files (x86)\Microsoft SQL Server\100\DTS\Binn\;C:\Program Files\Microsoft Windows Performance Toolkit\;c:\Program Files (x86)\Microsoft ASP.NET\ASP.NET Web Pages\v1.0\;C:\Program Files (x86)\Windows Live\Shared;C:\Program Files (x86)\Graphviz 2.28\bin;C:\Program Files (x86)\Microsoft Team Foundation Server 2010 Power Tools\;C:\Program Files (x86)\Microsoft Team Foundation Server 2010 Power Tools\Best Practices Analyzer\;C:\Program Files (x86)\QuickTime\QTSystem\;C:\Windows\System32\inetsrv;D:\tools;C:\Program Files\Microsoft SQL Server\100\DTS\Binn\;C:\Program Files\TortoiseSVN\bin;C:\Program Files (x86)\Log Parser 2.2;C:\Program Files (x86)\Notepad++;C:\Program Files\Perforce;C:\Program Files\TortoiseGit\bin;C:\Program Files\Microsoft SQL Server\110\Tools\Binn\;C:\Program Files (x86)\Git\bin;C:\Program Files (x86)\Windows Kits\8.0\Windows Performance Toolkit\;C:\Program Files\TortoiseHg\;C:\Program Files (x86)\Microsoft SDKs\TypeScript\0.8.0.0\;C:\Program Files\nodejs\;C:\Program Files\SourceGear\Common\DiffMerge\;C:\Program Files\doxygen\bin;C:\Program Files\Microsoft\Web Platform Installer\;C:\Program Files\Windows Fabric\bin\Fabric\Fabric.Code.1.0;C:\Windows\System32\WindowsPowerShell\v1.0\;E:\apache-maven-3.0.4\bin;C:\Chocolatey\bin;C:\Program Files\Perforce\;C:\Python27;C:\Program Files (x86)\sbt;C:\Program Files (x86)\Git\cmd;C:\Users\Teddy.Ma\AppData\Roaming\npm\;."/>
    <property name="surefire.test.class.path" value="E:\sling-6-source-release\bundles\auth\crowd\target\test-classes;E:\sling-6-source-release\bundles\auth\crowd\target\classes;C:\Users\Teddy.Ma\.m2\repository\org\apache\sling\org.apache.sling.api\2.1.0\org.apache.sling.api-2.1.0.jar;C:\Users\Teddy.Ma\.m2\repository\javax\jcr\jcr\1.0\jcr-1.0.jar;C:\Users\Teddy.Ma\.m2\repository\org\apache\sling\org.apache.sling.auth.core\1.0.4\org.apache.sling.auth.core-1.0.4.jar;C:\Users\Teddy.Ma\.m2\repository\org\apache\sling\org.apache.sling.commons.osgi\2.0.4-incubator\org.apache.sling.commons.osgi-2.0.4-incubator.jar;C:\Users\Teddy.Ma\.m2\repository\org\osgi\org.osgi.core\4.1.0\org.osgi.core-4.1.0.jar;C:\Users\Teddy.Ma\.m2\repository\org\osgi\org.osgi.compendium\4.1.0\org.osgi.compendium-4.1.0.jar;C:\Users\Teddy.Ma\.m2\repository\javax\servlet\servlet-api\2.4\servlet-api-2.4.jar;C:\Users\Teddy.Ma\.m2\repository\org\slf4j\slf4j-api\1.5.2\slf4j-api-1.5.2.jar;C:\Users\Teddy.Ma\.m2\repository\com\dyuproject\dyuproject-openid\1.1.7\dyuproject-openid-1.1.7.jar;C:\Users\Teddy.Ma\.m2\repository\com\dyuproject\dyuproject-util\1.1.7\dyuproject-util-1.1.7.jar;C:\Users\Teddy.Ma\.m2\repository\com\dyuproject\dyuproject-json\1.1.7\dyuproject-json-1.1.7.jar;C:\Users\Teddy.Ma\.m2\repository\org\mortbay\jetty\jetty-util\6.1.19\jetty-util-6.1.19.jar;C:\Users\Teddy.Ma\.m2\repository\org\apache\sling\org.apache.sling.jcr.jackrabbit.server\2.0.6\org.apache.sling.jcr.jackrabbit.server-2.0.6.jar;C:\Users\Teddy.Ma\.m2\repository\org\apache\sling\org.apache.sling.jcr.base\2.0.6\org.apache.sling.jcr.base-2.0.6.jar;C:\Users\Teddy.Ma\.m2\repository\org\apache\sling\org.apache.sling.jcr.api\2.0.6\org.apache.sling.jcr.api-2.0.6.jar;C:\Users\Teddy.Ma\.m2\repository\org\apache\jackrabbit\jackrabbit-api\1.5.0\jackrabbit-api-1.5.0.jar;C:\Users\Teddy.Ma\.m2\repository\org\apache\jackrabbit\jackrabbit-core\1.6.0\jackrabbit-core-1.6.0.jar;C:\Users\Teddy.Ma\.m2\repository\concurrent\concurrent\1.3.4\concurrent-1.3.4.jar;C:\Users\Teddy.Ma\.m2\repository\commons-collections\commons-collections\3.1\commons-collections-3.1.jar;C:\Users\Teddy.Ma\.m2\repository\commons-io\commons-io\1.4\commons-io-1.4.jar;C:\Users\Teddy.Ma\.m2\repository\org\apache\jackrabbit\jackrabbit-jcr-commons\1.6.0\jackrabbit-jcr-commons-1.6.0.jar;C:\Users\Teddy.Ma\.m2\repository\org\apache\jackrabbit\jackrabbit-spi-commons\1.6.0\jackrabbit-spi-commons-1.6.0.jar;C:\Users\Teddy.Ma\.m2\repository\org\apache\jackrabbit\jackrabbit-spi\1.6.0\jackrabbit-spi-1.6.0.jar;C:\Users\Teddy.Ma\.m2\repository\org\apache\lucene\lucene-core\2.4.1\lucene-core-2.4.1.jar;C:\Users\Teddy.Ma\.m2\repository\org\apache\derby\derby\10.2.1.6\derby-10.2.1.6.jar;C:\Users\Teddy.Ma\.m2\repository\org\apache\jackrabbit\jackrabbit-jcr-rmi\1.5.0\jackrabbit-jcr-rmi-1.5.0.jar;C:\Users\Teddy.Ma\.m2\repository\org\apache\jackrabbit\jackrabbit-text-extractors\1.6.0\jackrabbit-text-extractors-1.6.0.jar;C:\Users\Teddy.Ma\.m2\repository\org\apache\poi\poi\3.2-FINAL\poi-3.2-FINAL.jar;C:\Users\Teddy.Ma\.m2\repository\commons-logging\commons-logging\1.1\commons-logging-1.1.jar;C:\Users\Teddy.Ma\.m2\repository\log4j\log4j\1.2.13\log4j-1.2.13.jar;C:\Users\Teddy.Ma\.m2\repository\org\apache\poi\poi-scratchpad\3.2-FINAL\poi-scratchpad-3.2-FINAL.jar;C:\Users\Teddy.Ma\.m2\repository\pdfbox\pdfbox\0.7.3\pdfbox-0.7.3.jar;C:\Users\Teddy.Ma\.m2\repository\org\fontbox\fontbox\0.1.0\fontbox-0.1.0.jar;C:\Users\Teddy.Ma\.m2\repository\org\jempbox\jempbox\0.2.0\jempbox-0.2.0.jar;C:\Users\Teddy.Ma\.m2\repository\net\sourceforge\nekohtml\nekohtml\1.9.7\nekohtml-1.9.7.jar;C:\Users\Teddy.Ma\.m2\repository\xerces\xercesImpl\2.8.1\xercesImpl-2.8.1.jar;C:\Users\Teddy.Ma\.m2\repository\xml-apis\xml-apis\1.3.03\xml-apis-1.3.03.jar;C:\Users\Teddy.Ma\.m2\repository\junit\junit\4.8.1\junit-4.8.1.jar;C:\Users\Teddy.Ma\.m2\repository\org\jmock\jmock-junit4\2.5.1\jmock-junit4-2.5.1.jar;C:\Users\Teddy.Ma\.m2\repository\org\jmock\jmock\2.5.1\jmock-2.5.1.jar;C:\Users\Teddy.Ma\.m2\repository\org\hamcrest\hamcrest-core\1.1\hamcrest-core-1.1.jar;C:\Users\Teddy.Ma\.m2\repository\org\hamcrest\hamcrest-library\1.1\hamcrest-library-1.1.jar;C:\Users\Teddy.Ma\.m2\repository\junit\junit-dep\4.4\junit-dep-4.4.jar;C:\Users\Teddy.Ma\.m2\repository\org\slf4j\slf4j-simple\1.5.2\slf4j-simple-1.5.2.jar;"/>
    <property name="java.specification.name" value="Java Platform API Specification"/>
    <property name="java.class.version" value="50.0"/>
    <property name="sun.management.compiler" value="HotSpot 64-Bit Tiered Compilers"/>
    <property name="os.version" value="6.1"/>
    <property name="user.home" value="C:\Users\Teddy.Ma"/>
    <property name="user.timezone" value=""/>
    <property name="java.awt.printerjob" value="sun.awt.windows.WPrinterJob"/>
    <property name="java.specification.version" value="1.6"/>
    <property name="file.encoding" value="Cp1252"/>
    <property name="user.name" value="teddy.ma"/>
    <property name="java.class.path" value="E:\sling-6-source-release\bundles\auth\crowd\target\test-classes;E:\sling-6-source-release\bundles\auth\crowd\target\classes;C:\Users\Teddy.Ma\.m2\repository\org\apache\sling\org.apache.sling.api\2.1.0\org.apache.sling.api-2.1.0.jar;C:\Users\Teddy.Ma\.m2\repository\javax\jcr\jcr\1.0\jcr-1.0.jar;C:\Users\Teddy.Ma\.m2\repository\org\apache\sling\org.apache.sling.auth.core\1.0.4\org.apache.sling.auth.core-1.0.4.jar;C:\Users\Teddy.Ma\.m2\repository\org\apache\sling\org.apache.sling.commons.osgi\2.0.4-incubator\org.apache.sling.commons.osgi-2.0.4-incubator.jar;C:\Users\Teddy.Ma\.m2\repository\org\osgi\org.osgi.core\4.1.0\org.osgi.core-4.1.0.jar;C:\Users\Teddy.Ma\.m2\repository\org\osgi\org.osgi.compendium\4.1.0\org.osgi.compendium-4.1.0.jar;C:\Users\Teddy.Ma\.m2\repository\javax\servlet\servlet-api\2.4\servlet-api-2.4.jar;C:\Users\Teddy.Ma\.m2\repository\org\slf4j\slf4j-api\1.5.2\slf4j-api-1.5.2.jar;C:\Users\Teddy.Ma\.m2\repository\com\dyuproject\dyuproject-openid\1.1.7\dyuproject-openid-1.1.7.jar;C:\Users\Teddy.Ma\.m2\repository\com\dyuproject\dyuproject-util\1.1.7\dyuproject-util-1.1.7.jar;C:\Users\Teddy.Ma\.m2\repository\com\dyuproject\dyuproject-json\1.1.7\dyuproject-json-1.1.7.jar;C:\Users\Teddy.Ma\.m2\repository\org\mortbay\jetty\jetty-util\6.1.19\jetty-util-6.1.19.jar;C:\Users\Teddy.Ma\.m2\repository\org\apache\sling\org.apache.sling.jcr.jackrabbit.server\2.0.6\org.apache.sling.jcr.jackrabbit.server-2.0.6.jar;C:\Users\Teddy.Ma\.m2\repository\org\apache\sling\org.apache.sling.jcr.base\2.0.6\org.apache.sling.jcr.base-2.0.6.jar;C:\Users\Teddy.Ma\.m2\repository\org\apache\sling\org.apache.sling.jcr.api\2.0.6\org.apache.sling.jcr.api-2.0.6.jar;C:\Users\Teddy.Ma\.m2\repository\org\apache\jackrabbit\jackrabbit-api\1.5.0\jackrabbit-api-1.5.0.jar;C:\Users\Teddy.Ma\.m2\repository\org\apache\jackrabbit\jackrabbit-core\1.6.0\jackrabbit-core-1.6.0.jar;C:\Users\Teddy.Ma\.m2\repository\concurrent\concurrent\1.3.4\concurrent-1.3.4.jar;C:\Users\Teddy.Ma\.m2\repository\commons-collections\commons-collections\3.1\commons-collections-3.1.jar;C:\Users\Teddy.Ma\.m2\repository\commons-io\commons-io\1.4\commons-io-1.4.jar;C:\Users\Teddy.Ma\.m2\repository\org\apache\jackrabbit\jackrabbit-jcr-commons\1.6.0\jackrabbit-jcr-commons-1.6.0.jar;C:\Users\Teddy.Ma\.m2\repository\org\apache\jackrabbit\jackrabbit-spi-commons\1.6.0\jackrabbit-spi-commons-1.6.0.jar;C:\Users\Teddy.Ma\.m2\repository\org\apache\jackrabbit\jackrabbit-spi\1.6.0\jackrabbit-spi-1.6.0.jar;C:\Users\Teddy.Ma\.m2\repository\org\apache\lucene\lucene-core\2.4.1\lucene-core-2.4.1.jar;C:\Users\Teddy.Ma\.m2\repository\org\apache\derby\derby\10.2.1.6\derby-10.2.1.6.jar;C:\Users\Teddy.Ma\.m2\repository\org\apache\jackrabbit\jackrabbit-jcr-rmi\1.5.0\jackrabbit-jcr-rmi-1.5.0.jar;C:\Users\Teddy.Ma\.m2\repository\org\apache\jackrabbit\jackrabbit-text-extractors\1.6.0\jackrabbit-text-extractors-1.6.0.jar;C:\Users\Teddy.Ma\.m2\repository\org\apache\poi\poi\3.2-FINAL\poi-3.2-FINAL.jar;C:\Users\Teddy.Ma\.m2\repository\commons-logging\commons-logging\1.1\commons-logging-1.1.jar;C:\Users\Teddy.Ma\.m2\repository\log4j\log4j\1.2.13\log4j-1.2.13.jar;C:\Users\Teddy.Ma\.m2\repository\org\apache\poi\poi-scratchpad\3.2-FINAL\poi-scratchpad-3.2-FINAL.jar;C:\Users\Teddy.Ma\.m2\repository\pdfbox\pdfbox\0.7.3\pdfbox-0.7.3.jar;C:\Users\Teddy.Ma\.m2\repository\org\fontbox\fontbox\0.1.0\fontbox-0.1.0.jar;C:\Users\Teddy.Ma\.m2\repository\org\jempbox\jempbox\0.2.0\jempbox-0.2.0.jar;C:\Users\Teddy.Ma\.m2\repository\net\sourceforge\nekohtml\nekohtml\1.9.7\nekohtml-1.9.7.jar;C:\Users\Teddy.Ma\.m2\repository\xerces\xercesImpl\2.8.1\xercesImpl-2.8.1.jar;C:\Users\Teddy.Ma\.m2\repository\xml-apis\xml-apis\1.3.03\xml-apis-1.3.03.jar;C:\Users\Teddy.Ma\.m2\repository\junit\junit\4.8.1\junit-4.8.1.jar;C:\Users\Teddy.Ma\.m2\repository\org\jmock\jmock-junit4\2.5.1\jmock-junit4-2.5.1.jar;C:\Users\Teddy.Ma\.m2\repository\org\jmock\jmock\2.5.1\jmock-2.5.1.jar;C:\Users\Teddy.Ma\.m2\repository\org\hamcrest\hamcrest-core\1.1\hamcrest-core-1.1.jar;C:\Users\Teddy.Ma\.m2\repository\org\hamcrest\hamcrest-library\1.1\hamcrest-library-1.1.jar;C:\Users\Teddy.Ma\.m2\repository\junit\junit-dep\4.4\junit-dep-4.4.jar;C:\Users\Teddy.Ma\.m2\repository\org\slf4j\slf4j-simple\1.5.2\slf4j-simple-1.5.2.jar;"/>
    <property name="java.vm.specification.version" value="1.0"/>
    <property name="sun.arch.data.model" value="64"/>
    <property name="java.home" value="C:\Program Files\Java\jdk1.6.0_38\jre"/>
    <property name="sun.java.command" value="C:\Users\Teddy.Ma\AppData\Local\Temp\surefirebooter5116618269774946525.jar C:\Users\Teddy.Ma\AppData\Local\Temp\surefire5213029320013551623tmp C:\Users\Teddy.Ma\AppData\Local\Temp\surefire1656969176756708917tmp"/>
    <property name="java.specification.vendor" value="Sun Microsystems Inc."/>
    <property name="user.language" value="en"/>
    <property name="awt.toolkit" value="sun.awt.windows.WToolkit"/>
    <property name="java.vm.info" value="mixed mode"/>
    <property name="java.version" value="1.6.0_38-ea"/>
    <property name="java.ext.dirs" value="C:\Program Files\Java\jdk1.6.0_38\jre\lib\ext;C:\Windows\Sun\Java\lib\ext"/>
    <property name="sun.boot.class.path" value="C:\Program Files\Java\jdk1.6.0_38\jre\lib\resources.jar;C:\Program Files\Java\jdk1.6.0_38\jre\lib\rt.jar;C:\Program Files\Java\jdk1.6.0_38\jre\lib\sunrsasign.jar;C:\Program Files\Java\jdk1.6.0_38\jre\lib\jsse.jar;C:\Program Files\Java\jdk1.6.0_38\jre\lib\jce.jar;C:\Program Files\Java\jdk1.6.0_38\jre\lib\charsets.jar;C:\Program Files\Java\jdk1.6.0_38\jre\lib\modules\jdk.boot.jar;C:\Program Files\Java\jdk1.6.0_38\jre\classes"/>
    <property name="java.vendor" value="Sun Microsystems Inc."/>
    <property name="localRepository" value="C:\Users\Teddy.Ma\.m2\repository"/>
    <property name="file.separator" value="\"/>
    <property name="java.vendor.url.bug" value="http://java.sun.com/cgi-bin/bugreport.cgi"/>
    <property name="sun.cpu.endian" value="little"/>
    <property name="sun.io.unicode.encoding" value="UnicodeLittle"/>
    <property name="sun.desktop" value="windows"/>
    <property name="sun.cpu.isalist" value="amd64"/>
  </properties>
  <testcase time="0.069" classname="org.apache.sling.auth.crowd.impl.CrowdAuthenticationHandlerTest" name="test_getBaseUrl"/>
</testsuite>